[0.857s] Invoking command in '/home/saitama1/ros2_foxy/build/picas_example': AMENT_PREFIX_PATH=/home/saitama1/ros2_foxy/install/trace_picas:/home/saitama1/ros2_foxy/install/rclcpp:/home/saitama1/ros2_foxy/install/libstatistics_collector:/home/saitama1/ros2_foxy/install/rcl:/home/saitama1/ros2_foxy/install/rmw_implementation:/home/saitama1/ros2_foxy/install/rmw_fastrtps_dynamic_cpp:/home/saitama1/ros2_foxy/install/rmw_fastrtps_cpp:/home/saitama1/ros2_foxy/install/std_msgs:/home/saitama1/ros2_foxy/install/statistics_msgs:/home/saitama1/ros2_foxy/install/rosgraph_msgs:/home/saitama1/ros2_foxy/install/rmw_fastrtps_shared_cpp:/home/saitama1/ros2_foxy/install/rmw_cyclonedds_cpp:/home/saitama1/ros2_foxy/install/rcl_interfaces:/home/saitama1/ros2_foxy/install/rmw_dds_common:/home/saitama1/ros2_foxy/install/builtin_interfaces:/home/saitama1/ros2_foxy/install/rosidl_default_runtime:/home/saitama1/ros2_foxy/install/rosidl_typesupport_cpp:/home/saitama1/ros2_foxy/install/rosidl_generator_py:/home/saitama1/ros2_foxy/install/rosidl_typesupport_c:/home/saitama1/ros2_foxy/install/rmw_connext_cpp:/home/saitama1/ros2_foxy/install/rosidl_typesupport_fastrtps_c:/home/saitama1/ros2_foxy/install/rosidl_typesupport_connext_c:/home/saitama1/ros2_foxy/install/rosidl_typesupport_introspection_cpp:/home/saitama1/ros2_foxy/install/rosidl_typesupport_fastrtps_cpp:/home/saitama1/ros2_foxy/install/rosidl_typesupport_connext_cpp:/home/saitama1/ros2_foxy/install/rmw_connext_shared_cpp:/home/saitama1/ros2_foxy/install/rcl_yaml_param_parser:/home/saitama1/ros2_foxy/install/rosidl_typesupport_introspection_c:/home/saitama1/ros2_foxy/install/rosidl_generator_c:/home/saitama1/ros2_foxy/install/rmw:/home/saitama1/ros2_foxy/install/rcl_logging_spdlog:/home/saitama1/ros2_foxy/install/libyaml_vendor:/home/saitama1/ros2_foxy/install/rosidl_runtime_c:/home/saitama1/ros2_foxy/install/rosidl_generator_dds_idl:/home/saitama1/ros2_foxy/install/rcpputils:/home/saitama1/ros2_foxy/install/rcl_logging_noop:/home/saitama1/ros2_foxy/install/rcl_logging_log4cxx:/home/saitama1/ros2_foxy/install/rosidl_cmake:/home/saitama1/ros2_foxy/install/rcutils:/home/saitama1/ros2_foxy/install/tracetools:/home/saitama1/ros2_foxy/install/rosidl_runtime_cpp:/home/saitama1/ros2_foxy/install/rosidl_parser:/home/saitama1/ros2_foxy/install/spdlog_vendor:/home/saitama1/ros2_foxy/install/rosidl_typesupport_interface:/home/saitama1/ros2_foxy/install/rosidl_adapter:/home/saitama1/ros2_foxy/install/rmw_implementation_cmake:/home/saitama1/ros2_foxy/install/python_cmake_module:/home/saitama1/ros2_foxy/install/fastrtps_cmake_module:/home/saitama1/ros2_foxy/install/connext_cmake_module:/home/saitama1/ros2_foxy/install/ament_cmake_ros:/home/saitama1/ros2_foxy/install/ament_lint_common:/home/saitama1/ros2_foxy/install/ament_cmake_xmllint:/home/saitama1/ros2_foxy/install/ament_cmake_uncrustify:/home/saitama1/ros2_foxy/install/ament_cmake_pep257:/home/saitama1/ros2_foxy/install/ament_cmake_flake8:/home/saitama1/ros2_foxy/install/ament_cmake_cpplint:/home/saitama1/ros2_foxy/install/ament_cmake_cppcheck:/home/saitama1/ros2_foxy/install/ament_uncrustify:/home/saitama1/ros2_foxy/install/ament_cmake_copyright:/home/saitama1/ros2_foxy/install/uncrustify_vendor:/home/saitama1/ros2_foxy/install/rpyutils:/home/saitama1/ros2_foxy/install/ament_cmake_lint_cmake:/home/saitama1/ros2_foxy/install/ament_cmake_gmock:/home/saitama1/ros2_foxy/install/domain_coordinator:/home/saitama1/ros2_foxy/install/ament_xmllint:/home/saitama1/ros2_foxy/install/ament_lint_cmake:/home/saitama1/ros2_foxy/install/ament_lint_auto:/home/saitama1/ros2_foxy/install/ament_index_python:/home/saitama1/ros2_foxy/install/ament_cpplint:/home/saitama1/ros2_foxy/install/ament_cmake_pytest:/home/saitama1/ros2_foxy/install/ament_cmake_gtest:/home/saitama1/ros2_foxy/install/ament_cmake:/home/saitama1/ros2_foxy/install/ament_copyright:/home/saitama1/ros2_foxy/install/ament_cmake_test:/home/saitama1/ros2_foxy/install/ament_cmake_target_dependencies:/home/saitama1/ros2_foxy/install/ament_cmake_export_targets:/home/saitama1/ros2_foxy/install/ament_cmake_export_interfaces:/home/saitama1/ros2_foxy/install/ament_cmake_export_dependencies:/home/saitama1/ros2_foxy/install/ament_pep257:/home/saitama1/ros2_foxy/install/ament_cmake_version:/home/saitama1/ros2_foxy/install/ament_cmake_python:/home/saitama1/ros2_foxy/install/ament_cmake_libraries:/home/saitama1/ros2_foxy/install/ament_cmake_include_directories:/home/saitama1/ros2_foxy/install/ament_cmake_export_link_flags:/home/saitama1/ros2_foxy/install/ament_cmake_export_libraries:/home/saitama1/ros2_foxy/install/ament_cmake_export_include_directories:/home/saitama1/ros2_foxy/install/ament_cmake_export_definitions:/home/saitama1/ros2_foxy/install/ament_flake8:/home/saitama1/ros2_foxy/install/ament_cmake_core:/home/saitama1/ros2_foxy/install/ament_package:/home/saitama1/ros2_foxy/install/ament_lint:/home/saitama1/ros2_foxy/install/ament_cppcheck CMAKE_PREFIX_PATH=/home/saitama1/ros2_foxy/install/trace_picas:/home/saitama1/ros2_foxy/install/rclcpp:/home/saitama1/ros2_foxy/install/libstatistics_collector:/home/saitama1/ros2_foxy/install/rcl:/home/saitama1/ros2_foxy/install/rmw_implementation:/home/saitama1/ros2_foxy/install/rmw_fastrtps_dynamic_cpp:/home/saitama1/ros2_foxy/install/rmw_fastrtps_cpp:/home/saitama1/ros2_foxy/install/std_msgs:/home/saitama1/ros2_foxy/install/statistics_msgs:/home/saitama1/ros2_foxy/install/rosgraph_msgs:/home/saitama1/ros2_foxy/install/rmw_fastrtps_shared_cpp:/home/saitama1/ros2_foxy/install/rmw_cyclonedds_cpp:/home/saitama1/ros2_foxy/install/rcl_interfaces:/home/saitama1/ros2_foxy/install/rmw_dds_common:/home/saitama1/ros2_foxy/install/builtin_interfaces:/home/saitama1/ros2_foxy/install/rosidl_default_runtime:/home/saitama1/ros2_foxy/install/rosidl_typesupport_cpp:/home/saitama1/ros2_foxy/install/rosidl_generator_py:/home/saitama1/ros2_foxy/install/rosidl_typesupport_c:/home/saitama1/ros2_foxy/install/rmw_connext_cpp:/home/saitama1/ros2_foxy/install/rosidl_typesupport_fastrtps_c:/home/saitama1/ros2_foxy/install/rosidl_typesupport_connext_c:/home/saitama1/ros2_foxy/install/rosidl_typesupport_introspection_cpp:/home/saitama1/ros2_foxy/install/rosidl_typesupport_fastrtps_cpp:/home/saitama1/ros2_foxy/install/rosidl_typesupport_connext_cpp:/home/saitama1/ros2_foxy/install/rmw_connext_shared_cpp:/home/saitama1/ros2_foxy/install/rcl_yaml_param_parser:/home/saitama1/ros2_foxy/install/rosidl_typesupport_introspection_c:/home/saitama1/ros2_foxy/install/rosidl_generator_c:/home/saitama1/ros2_foxy/install/rmw:/home/saitama1/ros2_foxy/install/rcl_logging_spdlog:/home/saitama1/ros2_foxy/install/libyaml_vendor:/home/saitama1/ros2_foxy/install/rosidl_runtime_c:/home/saitama1/ros2_foxy/install/rosidl_generator_dds_idl:/home/saitama1/ros2_foxy/install/rcpputils:/home/saitama1/ros2_foxy/install/rcl_logging_noop:/home/saitama1/ros2_foxy/install/rcl_logging_log4cxx:/home/saitama1/ros2_foxy/install/rosidl_cmake:/home/saitama1/ros2_foxy/install/rcutils:/home/saitama1/ros2_foxy/install/tracetools:/home/saitama1/ros2_foxy/install/rosidl_runtime_cpp:/home/saitama1/ros2_foxy/install/rosidl_parser:/home/saitama1/ros2_foxy/install/spdlog_vendor:/home/saitama1/ros2_foxy/install/rosidl_typesupport_interface:/home/saitama1/ros2_foxy/install/rosidl_adapter:/home/saitama1/ros2_foxy/install/rmw_implementation_cmake:/home/saitama1/ros2_foxy/install/python_cmake_module:/home/saitama1/ros2_foxy/install/fastrtps_cmake_module:/home/saitama1/ros2_foxy/install/fastrtps:/home/saitama1/ros2_foxy/install/connext_cmake_module:/home/saitama1/ros2_foxy/install/ament_cmake_ros:/home/saitama1/ros2_foxy/install/foonathan_memory_vendor:/home/saitama1/ros2_foxy/install/ament_lint_common:/home/saitama1/ros2_foxy/install/ament_cmake_xmllint:/home/saitama1/ros2_foxy/install/ament_cmake_uncrustify:/home/saitama1/ros2_foxy/install/ament_cmake_pep257:/home/saitama1/ros2_foxy/install/ament_cmake_flake8:/home/saitama1/ros2_foxy/install/ament_cmake_cpplint:/home/saitama1/ros2_foxy/install/ament_cmake_cppcheck:/home/saitama1/ros2_foxy/install/ament_cmake_copyright:/home/saitama1/ros2_foxy/install/uncrustify_vendor:/home/saitama1/ros2_foxy/install/ament_cmake_lint_cmake:/home/saitama1/ros2_foxy/install/ament_cmake_gmock:/home/saitama1/ros2_foxy/install/ament_lint_auto:/home/saitama1/ros2_foxy/install/ament_cmake_pytest:/home/saitama1/ros2_foxy/install/ament_cmake_gtest:/home/saitama1/ros2_foxy/install/ament_cmake:/home/saitama1/ros2_foxy/install/ament_cmake_test:/home/saitama1/ros2_foxy/install/ament_cmake_target_dependencies:/home/saitama1/ros2_foxy/install/ament_cmake_export_targets:/home/saitama1/ros2_foxy/install/ament_cmake_export_interfaces:/home/saitama1/ros2_foxy/install/ament_cmake_export_dependencies:/home/saitama1/ros2_foxy/install/ament_cmake_version:/home/saitama1/ros2_foxy/install/ament_cmake_python:/home/saitama1/ros2_foxy/install/ament_cmake_libraries:/home/saitama1/ros2_foxy/install/ament_cmake_include_directories:/home/saitama1/ros2_foxy/install/ament_cmake_export_link_flags:/home/saitama1/ros2_foxy/install/ament_cmake_export_libraries:/home/saitama1/ros2_foxy/install/ament_cmake_export_include_directories:/home/saitama1/ros2_foxy/install/ament_cmake_export_definitions:/home/saitama1/ros2_foxy/install/gmock_vendor:/home/saitama1/ros2_foxy/install/ament_cmake_core:/home/saitama1/ros2_foxy/install/gtest_vendor:/home/saitama1/ros2_foxy/install/fastcdr:/home/saitama1/ros2_foxy/install/cyclonedds LD_LIBRARY_PATH=/home/saitama1/ros2_foxy/install/trace_picas/lib:/home/saitama1/ros2_foxy/install/rclcpp/lib:/home/saitama1/ros2_foxy/install/libstatistics_collector/lib:/home/saitama1/ros2_foxy/install/rcl/lib:/home/saitama1/ros2_foxy/install/rmw_implementation/lib:/home/saitama1/ros2_foxy/install/rmw_fastrtps_dynamic_cpp/lib:/home/saitama1/ros2_foxy/install/rmw_fastrtps_cpp/lib:/home/saitama1/ros2_foxy/install/std_msgs/lib:/home/saitama1/ros2_foxy/install/statistics_msgs/lib:/home/saitama1/ros2_foxy/install/rosgraph_msgs/lib:/home/saitama1/ros2_foxy/install/rmw_fastrtps_shared_cpp/lib:/home/saitama1/ros2_foxy/install/rmw_cyclonedds_cpp/lib:/home/saitama1/ros2_foxy/install/rcl_interfaces/lib:/home/saitama1/ros2_foxy/install/rmw_dds_common/lib:/home/saitama1/ros2_foxy/install/builtin_interfaces/lib:/home/saitama1/ros2_foxy/install/rosidl_typesupport_cpp/lib:/home/saitama1/ros2_foxy/install/rosidl_typesupport_c/lib:/home/saitama1/ros2_foxy/install/rosidl_typesupport_fastrtps_c/lib:/home/saitama1/ros2_foxy/install/rosidl_typesupport_introspection_cpp/lib:/home/saitama1/ros2_foxy/install/rosidl_typesupport_fastrtps_cpp/lib:/home/saitama1/ros2_foxy/install/rcl_yaml_param_parser/lib:/home/saitama1/ros2_foxy/install/rosidl_typesupport_introspection_c/lib:/home/saitama1/ros2_foxy/install/rmw/lib:/home/saitama1/ros2_foxy/install/rcl_logging_spdlog/lib:/home/saitama1/ros2_foxy/install/libyaml_vendor/lib:/home/saitama1/ros2_foxy/install/rosidl_runtime_c/lib:/home/saitama1/ros2_foxy/install/rcpputils/lib:/home/saitama1/ros2_foxy/install/rcl_logging_noop/lib:/home/saitama1/ros2_foxy/install/rcl_logging_log4cxx/lib:/home/saitama1/ros2_foxy/install/rcutils/lib:/home/saitama1/ros2_foxy/install/tracetools/lib:/home/saitama1/ros2_foxy/install/fastrtps/lib:/home/saitama1/ros2_foxy/install/fastcdr/lib:/home/saitama1/ros2_foxy/install/cyclonedds/lib PATH=/home/saitama1/ros2_foxy/install/fastrtps/bin:/home/saitama1/ros2_foxy/install/ament_uncrustify/bin:/home/saitama1/ros2_foxy/install/ament_xmllint/bin:/home/saitama1/ros2_foxy/install/ament_lint_cmake/bin:/home/saitama1/ros2_foxy/install/ament_index_python/bin:/home/saitama1/ros2_foxy/install/ament_cpplint/bin:/home/saitama1/ros2_foxy/install/ament_copyright/bin:/home/saitama1/ros2_foxy/install/ament_pep257/bin:/home/saitama1/ros2_foxy/install/ament_flake8/bin:/home/saitama1/ros2_foxy/install/cyclonedds/bin:/home/saitama1/ros2_foxy/install/ament_cppcheck/bin:${PATH} PKG_CONFIG_PATH=/home/saitama1/ros2_foxy/install/foonathan_memory_vendor/lib/x86_64-linux-gnu/pkgconfig:/home/saitama1/ros2_foxy/install/foonathan_memory_vendor/lib/pkgconfig:/home/saitama1/ros2_foxy/install/gmock_vendor/lib/x86_64-linux-gnu/pkgconfig:/home/saitama1/ros2_foxy/install/gmock_vendor/lib/pkgconfig:/home/saitama1/ros2_foxy/install/gtest_vendor/lib/x86_64-linux-gnu/pkgconfig:/home/saitama1/ros2_foxy/install/gtest_vendor/lib/pkgconfig:/home/saitama1/ros2_foxy/install/cyclonedds/lib/x86_64-linux-gnu/pkgconfig:/home/saitama1/ros2_foxy/install/cyclonedds/lib/pkgconfig PYTHONPATH=/home/saitama1/ros2_foxy/install/libstatistics_collector/lib/python3.8/site-packages:/home/saitama1/ros2_foxy/install/std_msgs/lib/python3.8/site-packages:/home/saitama1/ros2_foxy/install/statistics_msgs/lib/python3.8/site-packages:/home/saitama1/ros2_foxy/install/rosgraph_msgs/lib/python3.8/site-packages:/home/saitama1/ros2_foxy/install/rcl_interfaces/lib/python3.8/site-packages:/home/saitama1/ros2_foxy/install/rmw_dds_common/lib/python3.8/site-packages:/home/saitama1/ros2_foxy/install/builtin_interfaces/lib/python3.8/site-packages:/home/saitama1/ros2_foxy/install/rosidl_typesupport_cpp/lib/python3.8/site-packages:/home/saitama1/ros2_foxy/install/rosidl_generator_py/lib/python3.8/site-packages:/home/saitama1/ros2_foxy/install/rosidl_typesupport_c/lib/python3.8/site-packages:/home/saitama1/ros2_foxy/install/rosidl_typesupport_fastrtps_c/lib/python3.8/site-packages:/home/saitama1/ros2_foxy/install/rosidl_typesupport_introspection_cpp/lib/python3.8/site-packages:/home/saitama1/ros2_foxy/install/rosidl_typesupport_fastrtps_cpp/lib/python3.8/site-packages:/home/saitama1/ros2_foxy/install/rosidl_typesupport_introspection_c/lib/python3.8/site-packages:/home/saitama1/ros2_foxy/install/rosidl_generator_c/lib/python3.8/site-packages:/home/saitama1/ros2_foxy/install/rosidl_generator_dds_idl/lib/python3.8/site-packages:/home/saitama1/ros2_foxy/install/rosidl_cmake/lib/python3.8/site-packages:/home/saitama1/ros2_foxy/install/rcutils/lib/python3.8/site-packages:/home/saitama1/ros2_foxy/install/rosidl_parser/lib/python3.8/site-packages:/home/saitama1/ros2_foxy/install/rosidl_adapter/lib/python3.8/site-packages:/home/saitama1/ros2_foxy/build/ament_uncrustify:/home/saitama1/ros2_foxy/install/ament_uncrustify/lib/python3.8/site-packages:/home/saitama1/ros2_foxy/build/rpyutils:/home/saitama1/ros2_foxy/install/rpyutils/lib/python3.8/site-packages:/home/saitama1/ros2_foxy/build/domain_coordinator:/home/saitama1/ros2_foxy/install/domain_coordinator/lib/python3.8/site-packages:/home/saitama1/ros2_foxy/build/ament_xmllint:/home/saitama1/ros2_foxy/install/ament_xmllint/lib/python3.8/site-packages:/home/saitama1/ros2_foxy/build/ament_lint_cmake:/home/saitama1/ros2_foxy/install/ament_lint_cmake/lib/python3.8/site-packages:/home/saitama1/ros2_foxy/build/ament_index_python:/home/saitama1/ros2_foxy/install/ament_index_python/lib/python3.8/site-packages:/home/saitama1/ros2_foxy/build/ament_cpplint:/home/saitama1/ros2_foxy/install/ament_cpplint/lib/python3.8/site-packages:/home/saitama1/ros2_foxy/build/ament_copyright:/home/saitama1/ros2_foxy/install/ament_copyright/lib/python3.8/site-packages:/home/saitama1/ros2_foxy/install/ament_cmake_test/lib/python3.8/site-packages:/home/saitama1/ros2_foxy/build/ament_pep257:/home/saitama1/ros2_foxy/install/ament_pep257/lib/python3.8/site-packages:/home/saitama1/ros2_foxy/build/ament_flake8:/home/saitama1/ros2_foxy/install/ament_flake8/lib/python3.8/site-packages:/home/saitama1/ros2_foxy/build/ament_package:/home/saitama1/ros2_foxy/install/ament_package/lib/python3.8/site-packages:/home/saitama1/ros2_foxy/build/ament_lint:/home/saitama1/ros2_foxy/install/ament_lint/lib/python3.8/site-packages:/home/saitama1/ros2_foxy/build/ament_cppcheck:/home/saitama1/ros2_foxy/install/ament_cppcheck/lib/python3.8/site-packages /usr/bin/cmake --build /home/saitama1/ros2_foxy/build/picas_example -- -j12 -l12
[1.452s] [ 50%] [32mBuilding CXX object CMakeFiles/example.dir/src/example.cpp.o[0m
[3.299s] [01m[K/home/saitama1/ros2_foxy/src/ros2/ros2-picas-example/picas_example/src/example.cpp:[m[K In function â€˜[01m[Kvoid dummy_load(int)[m[Kâ€™:
[3.299s] [01m[K/home/saitama1/ros2_foxy/src/ros2/ros2-picas-example/picas_example/src/example.cpp:25:21:[m[K [01;35m[Kwarning: [m[Kunused parameter â€˜[01m[Kload_ms[m[Kâ€™ [[01;35m[K-Wunused-parameter[m[K]
[3.299s]    25 | void dummy_load([01;35m[Kint load_ms[m[K) {
[3.299s]       |                 [01;35m[K~~~~^~~~~~~[m[K
[3.304s] [01m[K/home/saitama1/ros2_foxy/src/ros2/ros2-picas-example/picas_example/src/example.cpp:[m[K In constructor â€˜[01m[KStartNode::StartNode(std::string, std::string, std::shared_ptr<trace::Trace>, int, int, bool)[m[Kâ€™:
[3.304s] [01m[K/home/saitama1/ros2_foxy/src/ros2/ros2-picas-example/picas_example/src/example.cpp:58:39:[m[K [01;35m[Kwarning: [m[Kâ€˜[01m[KStartNode::trace_callbacks_[m[Kâ€™ will be initialized after [[01;35m[K-Wreorder[m[K]
[3.304s]    58 |         std::shared_ptr<trace::Trace> [01;35m[Ktrace_callbacks_[m[K;
[3.305s]       |                                       [01;35m[K^~~~~~~~~~~~~~~~[m[K
[3.305s] [01m[K/home/saitama1/ros2_foxy/src/ros2/ros2-picas-example/picas_example/src/example.cpp:55:13:[m[K [01;35m[Kwarning: [m[K  â€˜[01m[Kint StartNode::exe_time_[m[Kâ€™ [[01;35m[K-Wreorder[m[K]
[3.305s]    55 |         int [01;35m[Kexe_time_[m[K;
[3.305s]       |             [01;35m[K^~~~~~~~~[m[K
[3.305s] [01m[K/home/saitama1/ros2_foxy/src/ros2/ros2-picas-example/picas_example/src/example.cpp:37:9:[m[K [01;35m[Kwarning: [m[K  when initialized here [[01;35m[K-Wreorder[m[K]
[3.305s]    37 |         [01;35m[KStartNode[m[K(const std::string node_name, const std::string pub_topic, std::shared_ptr<trace::Trace> trace_ptr, int exe_time, int period, bool end_flag)
[3.305s]       |         [01;35m[K^~~~~~~~~[m[K
[3.315s] [01m[K/home/saitama1/ros2_foxy/src/ros2/ros2-picas-example/picas_example/src/example.cpp:[m[K In member function â€˜[01m[Kvoid StartNode::timer_callback()[m[Kâ€™:
[3.315s] [01m[K/home/saitama1/ros2_foxy/src/ros2/ros2-picas-example/picas_example/src/example.cpp:79:21:[m[K [01;31m[Kerror: [m[Kâ€˜[01m[Kstruct std_msgs::msg::String_<std::allocator<void> >[m[Kâ€™ has no member named â€˜[01m[Kstamp[m[Kâ€™
[3.315s]    79 |             message.[01;31m[Kstamp[m[K.sec = ctime.tv_sec;
[3.315s]       |                     [01;31m[K^~~~~[m[K
[3.315s] [01m[K/home/saitama1/ros2_foxy/src/ros2/ros2-picas-example/picas_example/src/example.cpp:80:21:[m[K [01;31m[Kerror: [m[Kâ€˜[01m[Kstruct std_msgs::msg::String_<std::allocator<void> >[m[Kâ€™ has no member named â€˜[01m[Kstamp[m[Kâ€™
[3.315s]    80 |             message.[01;31m[Kstamp[m[K.usec = ctime.tv_usec;
[3.315s]       |                     [01;31m[K^~~~~[m[K
[3.316s] [01m[K/home/saitama1/ros2_foxy/src/ros2/ros2-picas-example/picas_example/src/example.cpp:86:63:[m[K [01;31m[Kerror: [m[Kâ€˜[01m[Kstruct std_msgs::msg::String_<std::allocator<void> >[m[Kâ€™ has no member named â€˜[01m[Kstamp[m[Kâ€™
[3.316s]    86 |                 latency_time.tv_sec = (ftime.tv_sec - message.[01;31m[Kstamp[m[K.sec);
[3.316s]       |                                                               [01;31m[K^~~~~[m[K
[3.316s] [01m[K/home/saitama1/ros2_foxy/src/ros2/ros2-picas-example/picas_example/src/example.cpp:87:65:[m[K [01;31m[Kerror: [m[Kâ€˜[01m[Kstruct std_msgs::msg::String_<std::allocator<void> >[m[Kâ€™ has no member named â€˜[01m[Kstamp[m[Kâ€™
[3.316s]    87 |              latency_time.tv_usec = (ftime.tv_usec - message.[01;31m[Kstamp[m[K.usec);
[3.316s]       |                                                              [01;31m[K^~~~~[m[K
[3.316s] 
[3.328s] [01m[K/home/saitama1/ros2_foxy/src/ros2/ros2-picas-example/picas_example/src/example.cpp:[m[K In constructor â€˜[01m[KIntermediateNode::IntermediateNode(std::string, std::string, std::string, std::shared_ptr<trace::Trace>, int, bool)[m[Kâ€™:
[3.328s] [01m[K/home/saitama1/ros2_foxy/src/ros2/ros2-picas-example/picas_example/src/example.cpp:111:39:[m[K [01;35m[Kwarning: [m[Kâ€˜[01m[KIntermediateNode::trace_callbacks_[m[Kâ€™ will be initialized after [[01;35m[K-Wreorder[m[K]
[3.328s]   111 |         std::shared_ptr<trace::Trace> [01;35m[Ktrace_callbacks_[m[K;
[3.328s]       |                                       [01;35m[K^~~~~~~~~~~~~~~~[m[K
[3.328s] [01m[K/home/saitama1/ros2_foxy/src/ros2/ros2-picas-example/picas_example/src/example.cpp:108:13:[m[K [01;35m[Kwarning: [m[K  â€˜[01m[Kint IntermediateNode::exe_time_[m[Kâ€™ [[01;35m[K-Wreorder[m[K]
[3.328s]   108 |         int [01;35m[Kexe_time_[m[K;
[3.328s]       |             [01;35m[K^~~~~~~~~[m[K
[3.328s] [01m[K/home/saitama1/ros2_foxy/src/ros2/ros2-picas-example/picas_example/src/example.cpp:97:9:[m[K [01;35m[Kwarning: [m[K  when initialized here [[01;35m[K-Wreorder[m[K]
[3.328s]    97 |         [01;35m[KIntermediateNode[m[K(const std::string node_name, const std::string sub_topic, const std::string pub_topic, std::shared_ptr<trace::Trace> trace_ptr, int exe_time, bool end_flag)
[3.328s]       |         [01;35m[K^~~~~~~~~~~~~~~~[m[K
[3.337s] [01m[K/home/saitama1/ros2_foxy/src/ros2/ros2-picas-example/picas_example/src/example.cpp:[m[K In member function â€˜[01m[Kvoid IntermediateNode::callback(std_msgs::msg::String_<std::allocator<void> >::SharedPtr)[m[Kâ€™:
[3.337s] [01m[K/home/saitama1/ros2_foxy/src/ros2/ros2-picas-example/picas_example/src/example.cpp:129:21:[m[K [01;31m[Kerror: [m[Kâ€˜[01m[Kstruct std_msgs::msg::String_<std::allocator<void> >[m[Kâ€™ has no member named â€˜[01m[Kstamp[m[Kâ€™
[3.337s]   129 |             message.[01;31m[Kstamp[m[K = msg->stamp;
[3.337s]       |                     [01;31m[K^~~~~[m[K
[3.338s] [01m[K/home/saitama1/ros2_foxy/src/ros2/ros2-picas-example/picas_example/src/example.cpp:129:34:[m[K [01;31m[Kerror: [m[Kâ€˜[01m[Kusing element_type = struct std_msgs::msg::String_<std::allocator<void> >[m[Kâ€™ {aka â€˜[01m[Kstruct std_msgs::msg::String_<std::allocator<void> >[m[Kâ€™} has no member named â€˜[01m[Kstamp[m[Kâ€™
[3.338s]   129 |             message.stamp = msg->[01;31m[Kstamp[m[K;
[3.338s]       |                                  [01;31m[K^~~~~[m[K
[3.338s] [01m[K/home/saitama1/ros2_foxy/src/ros2/ros2-picas-example/picas_example/src/example.cpp:133:60:[m[K [01;31m[Kerror: [m[Kâ€˜[01m[Kusing element_type = struct std_msgs::msg::String_<std::allocator<void> >[m[Kâ€™ {aka â€˜[01m[Kstruct std_msgs::msg::String_<std::allocator<void> >[m[Kâ€™} has no member named â€˜[01m[Kstamp[m[Kâ€™
[3.338s]   133 |                 latency_time.tv_sec = (ftime.tv_sec - msg->[01;31m[Kstamp[m[K.sec);
[3.338s]       |                                                            [01;31m[K^~~~~[m[K
[3.338s] [01m[K/home/saitama1/ros2_foxy/src/ros2/ros2-picas-example/picas_example/src/example.cpp:134:62:[m[K [01;31m[Kerror: [m[Kâ€˜[01m[Kusing element_type = struct std_msgs::msg::String_<std::allocator<void> >[m[Kâ€™ {aka â€˜[01m[Kstruct std_msgs::msg::String_<std::allocator<void> >[m[Kâ€™} has no member named â€˜[01m[Kstamp[m[Kâ€™
[3.338s]   134 |                 latency_time.tv_usec = (ftime.tv_usec - msg->[01;31m[Kstamp[m[K.usec);
[3.338s]       |                                                              [01;31m[K^~~~~[m[K
[4.495s] make[2]: *** [CMakeFiles/example.dir/build.make:63: CMakeFiles/example.dir/src/example.cpp.o] Error 1
[4.496s] make[1]: *** [CMakeFiles/Makefile2:78: CMakeFiles/example.dir/all] Error 2
[4.496s] make: *** [Makefile:141: all] Error 2
[4.499s] Invoked command in '/home/saitama1/ros2_foxy/build/picas_example' returned '2': AMENT_PREFIX_PATH=/home/saitama1/ros2_foxy/install/trace_picas:/home/saitama1/ros2_foxy/install/rclcpp:/home/saitama1/ros2_foxy/install/libstatistics_collector:/home/saitama1/ros2_foxy/install/rcl:/home/saitama1/ros2_foxy/install/rmw_implementation:/home/saitama1/ros2_foxy/install/rmw_fastrtps_dynamic_cpp:/home/saitama1/ros2_foxy/install/rmw_fastrtps_cpp:/home/saitama1/ros2_foxy/install/std_msgs:/home/saitama1/ros2_foxy/install/statistics_msgs:/home/saitama1/ros2_foxy/install/rosgraph_msgs:/home/saitama1/ros2_foxy/install/rmw_fastrtps_shared_cpp:/home/saitama1/ros2_foxy/install/rmw_cyclonedds_cpp:/home/saitama1/ros2_foxy/install/rcl_interfaces:/home/saitama1/ros2_foxy/install/rmw_dds_common:/home/saitama1/ros2_foxy/install/builtin_interfaces:/home/saitama1/ros2_foxy/install/rosidl_default_runtime:/home/saitama1/ros2_foxy/install/rosidl_typesupport_cpp:/home/saitama1/ros2_foxy/install/rosidl_generator_py:/home/saitama1/ros2_foxy/install/rosidl_typesupport_c:/home/saitama1/ros2_foxy/install/rmw_connext_cpp:/home/saitama1/ros2_foxy/install/rosidl_typesupport_fastrtps_c:/home/saitama1/ros2_foxy/install/rosidl_typesupport_connext_c:/home/saitama1/ros2_foxy/install/rosidl_typesupport_introspection_cpp:/home/saitama1/ros2_foxy/install/rosidl_typesupport_fastrtps_cpp:/home/saitama1/ros2_foxy/install/rosidl_typesupport_connext_cpp:/home/saitama1/ros2_foxy/install/rmw_connext_shared_cpp:/home/saitama1/ros2_foxy/install/rcl_yaml_param_parser:/home/saitama1/ros2_foxy/install/rosidl_typesupport_introspection_c:/home/saitama1/ros2_foxy/install/rosidl_generator_c:/home/saitama1/ros2_foxy/install/rmw:/home/saitama1/ros2_foxy/install/rcl_logging_spdlog:/home/saitama1/ros2_foxy/install/libyaml_vendor:/home/saitama1/ros2_foxy/install/rosidl_runtime_c:/home/saitama1/ros2_foxy/install/rosidl_generator_dds_idl:/home/saitama1/ros2_foxy/install/rcpputils:/home/saitama1/ros2_foxy/install/rcl_logging_noop:/home/saitama1/ros2_foxy/install/rcl_logging_log4cxx:/home/saitama1/ros2_foxy/install/rosidl_cmake:/home/saitama1/ros2_foxy/install/rcutils:/home/saitama1/ros2_foxy/install/tracetools:/home/saitama1/ros2_foxy/install/rosidl_runtime_cpp:/home/saitama1/ros2_foxy/install/rosidl_parser:/home/saitama1/ros2_foxy/install/spdlog_vendor:/home/saitama1/ros2_foxy/install/rosidl_typesupport_interface:/home/saitama1/ros2_foxy/install/rosidl_adapter:/home/saitama1/ros2_foxy/install/rmw_implementation_cmake:/home/saitama1/ros2_foxy/install/python_cmake_module:/home/saitama1/ros2_foxy/install/fastrtps_cmake_module:/home/saitama1/ros2_foxy/install/connext_cmake_module:/home/saitama1/ros2_foxy/install/ament_cmake_ros:/home/saitama1/ros2_foxy/install/ament_lint_common:/home/saitama1/ros2_foxy/install/ament_cmake_xmllint:/home/saitama1/ros2_foxy/install/ament_cmake_uncrustify:/home/saitama1/ros2_foxy/install/ament_cmake_pep257:/home/saitama1/ros2_foxy/install/ament_cmake_flake8:/home/saitama1/ros2_foxy/install/ament_cmake_cpplint:/home/saitama1/ros2_foxy/install/ament_cmake_cppcheck:/home/saitama1/ros2_foxy/install/ament_uncrustify:/home/saitama1/ros2_foxy/install/ament_cmake_copyright:/home/saitama1/ros2_foxy/install/uncrustify_vendor:/home/saitama1/ros2_foxy/install/rpyutils:/home/saitama1/ros2_foxy/install/ament_cmake_lint_cmake:/home/saitama1/ros2_foxy/install/ament_cmake_gmock:/home/saitama1/ros2_foxy/install/domain_coordinator:/home/saitama1/ros2_foxy/install/ament_xmllint:/home/saitama1/ros2_foxy/install/ament_lint_cmake:/home/saitama1/ros2_foxy/install/ament_lint_auto:/home/saitama1/ros2_foxy/install/ament_index_python:/home/saitama1/ros2_foxy/install/ament_cpplint:/home/saitama1/ros2_foxy/install/ament_cmake_pytest:/home/saitama1/ros2_foxy/install/ament_cmake_gtest:/home/saitama1/ros2_foxy/install/ament_cmake:/home/saitama1/ros2_foxy/install/ament_copyright:/home/saitama1/ros2_foxy/install/ament_cmake_test:/home/saitama1/ros2_foxy/install/ament_cmake_target_dependencies:/home/saitama1/ros2_foxy/install/ament_cmake_export_targets:/home/saitama1/ros2_foxy/install/ament_cmake_export_interfaces:/home/saitama1/ros2_foxy/install/ament_cmake_export_dependencies:/home/saitama1/ros2_foxy/install/ament_pep257:/home/saitama1/ros2_foxy/install/ament_cmake_version:/home/saitama1/ros2_foxy/install/ament_cmake_python:/home/saitama1/ros2_foxy/install/ament_cmake_libraries:/home/saitama1/ros2_foxy/install/ament_cmake_include_directories:/home/saitama1/ros2_foxy/install/ament_cmake_export_link_flags:/home/saitama1/ros2_foxy/install/ament_cmake_export_libraries:/home/saitama1/ros2_foxy/install/ament_cmake_export_include_directories:/home/saitama1/ros2_foxy/install/ament_cmake_export_definitions:/home/saitama1/ros2_foxy/install/ament_flake8:/home/saitama1/ros2_foxy/install/ament_cmake_core:/home/saitama1/ros2_foxy/install/ament_package:/home/saitama1/ros2_foxy/install/ament_lint:/home/saitama1/ros2_foxy/install/ament_cppcheck CMAKE_PREFIX_PATH=/home/saitama1/ros2_foxy/install/trace_picas:/home/saitama1/ros2_foxy/install/rclcpp:/home/saitama1/ros2_foxy/install/libstatistics_collector:/home/saitama1/ros2_foxy/install/rcl:/home/saitama1/ros2_foxy/install/rmw_implementation:/home/saitama1/ros2_foxy/install/rmw_fastrtps_dynamic_cpp:/home/saitama1/ros2_foxy/install/rmw_fastrtps_cpp:/home/saitama1/ros2_foxy/install/std_msgs:/home/saitama1/ros2_foxy/install/statistics_msgs:/home/saitama1/ros2_foxy/install/rosgraph_msgs:/home/saitama1/ros2_foxy/install/rmw_fastrtps_shared_cpp:/home/saitama1/ros2_foxy/install/rmw_cyclonedds_cpp:/home/saitama1/ros2_foxy/install/rcl_interfaces:/home/saitama1/ros2_foxy/install/rmw_dds_common:/home/saitama1/ros2_foxy/install/builtin_interfaces:/home/saitama1/ros2_foxy/install/rosidl_default_runtime:/home/saitama1/ros2_foxy/install/rosidl_typesupport_cpp:/home/saitama1/ros2_foxy/install/rosidl_generator_py:/home/saitama1/ros2_foxy/install/rosidl_typesupport_c:/home/saitama1/ros2_foxy/install/rmw_connext_cpp:/home/saitama1/ros2_foxy/install/rosidl_typesupport_fastrtps_c:/home/saitama1/ros2_foxy/install/rosidl_typesupport_connext_c:/home/saitama1/ros2_foxy/install/rosidl_typesupport_introspection_cpp:/home/saitama1/ros2_foxy/install/rosidl_typesupport_fastrtps_cpp:/home/saitama1/ros2_foxy/install/rosidl_typesupport_connext_cpp:/home/saitama1/ros2_foxy/install/rmw_connext_shared_cpp:/home/saitama1/ros2_foxy/install/rcl_yaml_param_parser:/home/saitama1/ros2_foxy/install/rosidl_typesupport_introspection_c:/home/saitama1/ros2_foxy/install/rosidl_generator_c:/home/saitama1/ros2_foxy/install/rmw:/home/saitama1/ros2_foxy/install/rcl_logging_spdlog:/home/saitama1/ros2_foxy/install/libyaml_vendor:/home/saitama1/ros2_foxy/install/rosidl_runtime_c:/home/saitama1/ros2_foxy/install/rosidl_generator_dds_idl:/home/saitama1/ros2_foxy/install/rcpputils:/home/saitama1/ros2_foxy/install/rcl_logging_noop:/home/saitama1/ros2_foxy/install/rcl_logging_log4cxx:/home/saitama1/ros2_foxy/install/rosidl_cmake:/home/saitama1/ros2_foxy/install/rcutils:/home/saitama1/ros2_foxy/install/tracetools:/home/saitama1/ros2_foxy/install/rosidl_runtime_cpp:/home/saitama1/ros2_foxy/install/rosidl_parser:/home/saitama1/ros2_foxy/install/spdlog_vendor:/home/saitama1/ros2_foxy/install/rosidl_typesupport_interface:/home/saitama1/ros2_foxy/install/rosidl_adapter:/home/saitama1/ros2_foxy/install/rmw_implementation_cmake:/home/saitama1/ros2_foxy/install/python_cmake_module:/home/saitama1/ros2_foxy/install/fastrtps_cmake_module:/home/saitama1/ros2_foxy/install/fastrtps:/home/saitama1/ros2_foxy/install/connext_cmake_module:/home/saitama1/ros2_foxy/install/ament_cmake_ros:/home/saitama1/ros2_foxy/install/foonathan_memory_vendor:/home/saitama1/ros2_foxy/install/ament_lint_common:/home/saitama1/ros2_foxy/install/ament_cmake_xmllint:/home/saitama1/ros2_foxy/install/ament_cmake_uncrustify:/home/saitama1/ros2_foxy/install/ament_cmake_pep257:/home/saitama1/ros2_foxy/install/ament_cmake_flake8:/home/saitama1/ros2_foxy/install/ament_cmake_cpplint:/home/saitama1/ros2_foxy/install/ament_cmake_cppcheck:/home/saitama1/ros2_foxy/install/ament_cmake_copyright:/home/saitama1/ros2_foxy/install/uncrustify_vendor:/home/saitama1/ros2_foxy/install/ament_cmake_lint_cmake:/home/saitama1/ros2_foxy/install/ament_cmake_gmock:/home/saitama1/ros2_foxy/install/ament_lint_auto:/home/saitama1/ros2_foxy/install/ament_cmake_pytest:/home/saitama1/ros2_foxy/install/ament_cmake_gtest:/home/saitama1/ros2_foxy/install/ament_cmake:/home/saitama1/ros2_foxy/install/ament_cmake_test:/home/saitama1/ros2_foxy/install/ament_cmake_target_dependencies:/home/saitama1/ros2_foxy/install/ament_cmake_export_targets:/home/saitama1/ros2_foxy/install/ament_cmake_export_interfaces:/home/saitama1/ros2_foxy/install/ament_cmake_export_dependencies:/home/saitama1/ros2_foxy/install/ament_cmake_version:/home/saitama1/ros2_foxy/install/ament_cmake_python:/home/saitama1/ros2_foxy/install/ament_cmake_libraries:/home/saitama1/ros2_foxy/install/ament_cmake_include_directories:/home/saitama1/ros2_foxy/install/ament_cmake_export_link_flags:/home/saitama1/ros2_foxy/install/ament_cmake_export_libraries:/home/saitama1/ros2_foxy/install/ament_cmake_export_include_directories:/home/saitama1/ros2_foxy/install/ament_cmake_export_definitions:/home/saitama1/ros2_foxy/install/gmock_vendor:/home/saitama1/ros2_foxy/install/ament_cmake_core:/home/saitama1/ros2_foxy/install/gtest_vendor:/home/saitama1/ros2_foxy/install/fastcdr:/home/saitama1/ros2_foxy/install/cyclonedds LD_LIBRARY_PATH=/home/saitama1/ros2_foxy/install/trace_picas/lib:/home/saitama1/ros2_foxy/install/rclcpp/lib:/home/saitama1/ros2_foxy/install/libstatistics_collector/lib:/home/saitama1/ros2_foxy/install/rcl/lib:/home/saitama1/ros2_foxy/install/rmw_implementation/lib:/home/saitama1/ros2_foxy/install/rmw_fastrtps_dynamic_cpp/lib:/home/saitama1/ros2_foxy/install/rmw_fastrtps_cpp/lib:/home/saitama1/ros2_foxy/install/std_msgs/lib:/home/saitama1/ros2_foxy/install/statistics_msgs/lib:/home/saitama1/ros2_foxy/install/rosgraph_msgs/lib:/home/saitama1/ros2_foxy/install/rmw_fastrtps_shared_cpp/lib:/home/saitama1/ros2_foxy/install/rmw_cyclonedds_cpp/lib:/home/saitama1/ros2_foxy/install/rcl_interfaces/lib:/home/saitama1/ros2_foxy/install/rmw_dds_common/lib:/home/saitama1/ros2_foxy/install/builtin_interfaces/lib:/home/saitama1/ros2_foxy/install/rosidl_typesupport_cpp/lib:/home/saitama1/ros2_foxy/install/rosidl_typesupport_c/lib:/home/saitama1/ros2_foxy/install/rosidl_typesupport_fastrtps_c/lib:/home/saitama1/ros2_foxy/install/rosidl_typesupport_introspection_cpp/lib:/home/saitama1/ros2_foxy/install/rosidl_typesupport_fastrtps_cpp/lib:/home/saitama1/ros2_foxy/install/rcl_yaml_param_parser/lib:/home/saitama1/ros2_foxy/install/rosidl_typesupport_introspection_c/lib:/home/saitama1/ros2_foxy/install/rmw/lib:/home/saitama1/ros2_foxy/install/rcl_logging_spdlog/lib:/home/saitama1/ros2_foxy/install/libyaml_vendor/lib:/home/saitama1/ros2_foxy/install/rosidl_runtime_c/lib:/home/saitama1/ros2_foxy/install/rcpputils/lib:/home/saitama1/ros2_foxy/install/rcl_logging_noop/lib:/home/saitama1/ros2_foxy/install/rcl_logging_log4cxx/lib:/home/saitama1/ros2_foxy/install/rcutils/lib:/home/saitama1/ros2_foxy/install/tracetools/lib:/home/saitama1/ros2_foxy/install/fastrtps/lib:/home/saitama1/ros2_foxy/install/fastcdr/lib:/home/saitama1/ros2_foxy/install/cyclonedds/lib PATH=/home/saitama1/ros2_foxy/install/fastrtps/bin:/home/saitama1/ros2_foxy/install/ament_uncrustify/bin:/home/saitama1/ros2_foxy/install/ament_xmllint/bin:/home/saitama1/ros2_foxy/install/ament_lint_cmake/bin:/home/saitama1/ros2_foxy/install/ament_index_python/bin:/home/saitama1/ros2_foxy/install/ament_cpplint/bin:/home/saitama1/ros2_foxy/install/ament_copyright/bin:/home/saitama1/ros2_foxy/install/ament_pep257/bin:/home/saitama1/ros2_foxy/install/ament_flake8/bin:/home/saitama1/ros2_foxy/install/cyclonedds/bin:/home/saitama1/ros2_foxy/install/ament_cppcheck/bin:${PATH} PKG_CONFIG_PATH=/home/saitama1/ros2_foxy/install/foonathan_memory_vendor/lib/x86_64-linux-gnu/pkgconfig:/home/saitama1/ros2_foxy/install/foonathan_memory_vendor/lib/pkgconfig:/home/saitama1/ros2_foxy/install/gmock_vendor/lib/x86_64-linux-gnu/pkgconfig:/home/saitama1/ros2_foxy/install/gmock_vendor/lib/pkgconfig:/home/saitama1/ros2_foxy/install/gtest_vendor/lib/x86_64-linux-gnu/pkgconfig:/home/saitama1/ros2_foxy/install/gtest_vendor/lib/pkgconfig:/home/saitama1/ros2_foxy/install/cyclonedds/lib/x86_64-linux-gnu/pkgconfig:/home/saitama1/ros2_foxy/install/cyclonedds/lib/pkgconfig PYTHONPATH=/home/saitama1/ros2_foxy/install/libstatistics_collector/lib/python3.8/site-packages:/home/saitama1/ros2_foxy/install/std_msgs/lib/python3.8/site-packages:/home/saitama1/ros2_foxy/install/statistics_msgs/lib/python3.8/site-packages:/home/saitama1/ros2_foxy/install/rosgraph_msgs/lib/python3.8/site-packages:/home/saitama1/ros2_foxy/install/rcl_interfaces/lib/python3.8/site-packages:/home/saitama1/ros2_foxy/install/rmw_dds_common/lib/python3.8/site-packages:/home/saitama1/ros2_foxy/install/builtin_interfaces/lib/python3.8/site-packages:/home/saitama1/ros2_foxy/install/rosidl_typesupport_cpp/lib/python3.8/site-packages:/home/saitama1/ros2_foxy/install/rosidl_generator_py/lib/python3.8/site-packages:/home/saitama1/ros2_foxy/install/rosidl_typesupport_c/lib/python3.8/site-packages:/home/saitama1/ros2_foxy/install/rosidl_typesupport_fastrtps_c/lib/python3.8/site-packages:/home/saitama1/ros2_foxy/install/rosidl_typesupport_introspection_cpp/lib/python3.8/site-packages:/home/saitama1/ros2_foxy/install/rosidl_typesupport_fastrtps_cpp/lib/python3.8/site-packages:/home/saitama1/ros2_foxy/install/rosidl_typesupport_introspection_c/lib/python3.8/site-packages:/home/saitama1/ros2_foxy/install/rosidl_generator_c/lib/python3.8/site-packages:/home/saitama1/ros2_foxy/install/rosidl_generator_dds_idl/lib/python3.8/site-packages:/home/saitama1/ros2_foxy/install/rosidl_cmake/lib/python3.8/site-packages:/home/saitama1/ros2_foxy/install/rcutils/lib/python3.8/site-packages:/home/saitama1/ros2_foxy/install/rosidl_parser/lib/python3.8/site-packages:/home/saitama1/ros2_foxy/install/rosidl_adapter/lib/python3.8/site-packages:/home/saitama1/ros2_foxy/build/ament_uncrustify:/home/saitama1/ros2_foxy/install/ament_uncrustify/lib/python3.8/site-packages:/home/saitama1/ros2_foxy/build/rpyutils:/home/saitama1/ros2_foxy/install/rpyutils/lib/python3.8/site-packages:/home/saitama1/ros2_foxy/build/domain_coordinator:/home/saitama1/ros2_foxy/install/domain_coordinator/lib/python3.8/site-packages:/home/saitama1/ros2_foxy/build/ament_xmllint:/home/saitama1/ros2_foxy/install/ament_xmllint/lib/python3.8/site-packages:/home/saitama1/ros2_foxy/build/ament_lint_cmake:/home/saitama1/ros2_foxy/install/ament_lint_cmake/lib/python3.8/site-packages:/home/saitama1/ros2_foxy/build/ament_index_python:/home/saitama1/ros2_foxy/install/ament_index_python/lib/python3.8/site-packages:/home/saitama1/ros2_foxy/build/ament_cpplint:/home/saitama1/ros2_foxy/install/ament_cpplint/lib/python3.8/site-packages:/home/saitama1/ros2_foxy/build/ament_copyright:/home/saitama1/ros2_foxy/install/ament_copyright/lib/python3.8/site-packages:/home/saitama1/ros2_foxy/install/ament_cmake_test/lib/python3.8/site-packages:/home/saitama1/ros2_foxy/build/ament_pep257:/home/saitama1/ros2_foxy/install/ament_pep257/lib/python3.8/site-packages:/home/saitama1/ros2_foxy/build/ament_flake8:/home/saitama1/ros2_foxy/install/ament_flake8/lib/python3.8/site-packages:/home/saitama1/ros2_foxy/build/ament_package:/home/saitama1/ros2_foxy/install/ament_package/lib/python3.8/site-packages:/home/saitama1/ros2_foxy/build/ament_lint:/home/saitama1/ros2_foxy/install/ament_lint/lib/python3.8/site-packages:/home/saitama1/ros2_foxy/build/ament_cppcheck:/home/saitama1/ros2_foxy/install/ament_cppcheck/lib/python3.8/site-packages /usr/bin/cmake --build /home/saitama1/ros2_foxy/build/picas_example -- -j12 -l12
