In file included from [01m[K/home/saitama1/ros2_foxy/build/std_msgs/rosidl_generator_c/std_msgs/msg/detail/string__functions.h:19[m[K,
                 from [01m[K/home/saitama1/ros2_foxy/build/std_msgs/rosidl_generator_c/std_msgs/msg/detail/string__functions.c:4[m[K:
[01m[K/home/saitama1/ros2_foxy/build/std_msgs/rosidl_generator_c/std_msgs/msg/detail/string__struct.h:22:10:[m[K [01;31m[Kfatal error: [m[Kbuiltin_interfaces/msg/detail/u_time__struct.h: No such file or directory
   22 | #include [01;31m[K"builtin_interfaces/msg/detail/u_time__struct.h"[m[K
      |          [01;31m[K^~~~~~~~~~~~~~~~~~~~~~~~~~~~~~~~~~~~~~~~~~~~~~~~[m[K
compilation terminated.
make[2]: *** [CMakeFiles/std_msgs__rosidl_generator_c.dir/build.make:831: CMakeFiles/std_msgs__rosidl_generator_c.dir/rosidl_generator_c/std_msgs/msg/detail/string__functions.c.o] Error 1
make[2]: *** Waiting for unfinished jobs....
make[1]: *** [CMakeFiles/Makefile2:298: CMakeFiles/std_msgs__rosidl_generator_c.dir/all] Error 2
make[1]: *** Waiting for unfinished jobs....
In file included from [01m[K/home/saitama1/ros2_foxy/build/std_msgs/rosidl_typesupport_cpp/std_msgs/msg/string__type_support.cpp:7[m[K:
[01m[K/home/saitama1/ros2_foxy/build/std_msgs/rosidl_generator_cpp/std_msgs/msg/detail/string__struct.hpp:19:10:[m[K [01;31m[Kfatal error: [m[Kbuiltin_interfaces/msg/detail/u_time__struct.hpp: No such file or directory
   19 | #include [01;31m[K"builtin_interfaces/msg/detail/u_time__struct.hpp"[m[K
      |          [01;31m[K^~~~~~~~~~~~~~~~~~~~~~~~~~~~~~~~~~~~~~~~~~~~~~~~~~[m[K
compilation terminated.
make[2]: *** [CMakeFiles/std_msgs__rosidl_typesupport_cpp.dir/build.make:464: CMakeFiles/std_msgs__rosidl_typesupport_cpp.dir/rosidl_typesupport_cpp/std_msgs/msg/string__type_support.cpp.o] Error 1
make[2]: *** Waiting for unfinished jobs....
make[1]: *** [CMakeFiles/Makefile2:469: CMakeFiles/std_msgs__rosidl_typesupport_cpp.dir/all] Error 2
In file included from [01m[K/home/saitama1/ros2_foxy/build/std_msgs/rosidl_typesupport_introspection_cpp/std_msgs/msg/detail/string__type_support.cpp:12[m[K:
[01m[K/home/saitama1/ros2_foxy/build/std_msgs/rosidl_generator_cpp/std_msgs/msg/detail/string__struct.hpp:19:10:[m[K [01;31m[Kfatal error: [m[Kbuiltin_interfaces/msg/detail/u_time__struct.hpp: No such file or directory
   19 | #include [01;31m[K"builtin_interfaces/msg/detail/u_time__struct.hpp"[m[K
      |          [01;31m[K^~~~~~~~~~~~~~~~~~~~~~~~~~~~~~~~~~~~~~~~~~~~~~~~~~[m[K
compilation terminated.
make[2]: *** [CMakeFiles/std_msgs__rosidl_typesupport_introspection_cpp.dir/build.make:556: CMakeFiles/std_msgs__rosidl_typesupport_introspection_cpp.dir/rosidl_typesupport_introspection_cpp/std_msgs/msg/detail/string__type_support.cpp.o] Error 1
make[2]: *** Waiting for unfinished jobs....
make[1]: *** [CMakeFiles/Makefile2:244: CMakeFiles/std_msgs__rosidl_typesupport_introspection_cpp.dir/all] Error 2
In file included from [01m[K/home/saitama1/ros2_foxy/build/std_msgs/rosidl_typesupport_fastrtps_cpp/std_msgs/msg/detail/string__rosidl_typesupport_fastrtps_cpp.hpp:11[m[K,
                 from [01m[K/home/saitama1/ros2_foxy/build/std_msgs/rosidl_typesupport_fastrtps_cpp/std_msgs/msg/detail/dds_fastrtps/string__type_support.cpp:4[m[K:
[01m[K/home/saitama1/ros2_foxy/build/std_msgs/rosidl_generator_cpp/std_msgs/msg/detail/string__struct.hpp:19:10:[m[K [01;31m[Kfatal error: [m[Kbuiltin_interfaces/msg/detail/u_time__struct.hpp: No such file or directory
   19 | #include [01;31m[K"builtin_interfaces/msg/detail/u_time__struct.hpp"[m[K
      |          [01;31m[K^~~~~~~~~~~~~~~~~~~~~~~~~~~~~~~~~~~~~~~~~~~~~~~~~~[m[K
compilation terminated.
make[2]: *** [CMakeFiles/std_msgs__rosidl_typesupport_fastrtps_cpp.dir/build.make:556: CMakeFiles/std_msgs__rosidl_typesupport_fastrtps_cpp.dir/rosidl_typesupport_fastrtps_cpp/std_msgs/msg/detail/dds_fastrtps/string__type_support.cpp.o] Error 1
make[2]: *** Waiting for unfinished jobs....
make[1]: *** [CMakeFiles/Makefile2:325: CMakeFiles/std_msgs__rosidl_typesupport_fastrtps_cpp.dir/all] Error 2
make: *** [Makefile:141: all] Error 2
